<?xml version="1.0" encoding="utf-8"?><testsuites name="pytest tests"><testsuite name="pytest" errors="0" failures="0" skipped="0" tests="22" time="7.822" timestamp="2026-09-06T21:42:11.390153+08:00" hostname="desk-tony"><testcase classname="tests.contract.test_acceptance_mapping" name="test_every_reader_state_has_exactly_one_outcome" time="0.001" /><testcase classname="tests.contract.test_acceptance_mapping" name="test_a_verified_publication_is_the_one_publishable_outcome" time="0.005" /><testcase classname="tests.contract.test_acceptance_mapping" name="test_no_publication_at_all_is_named_as_absence" time="0.001" /><testcase classname="tests.contract.test_acceptance_mapping" name="test_a_publication_for_another_subject_is_a_rejection_not_an_absence" time="0.002" /><testcase classname="tests.contract.test_acceptance_mapping" name="test_a_forged_signature_is_a_named_rejection" time="0.002" /><testcase classname="tests.contract.test_acceptance_mapping" name="test_a_stranger_signer_is_a_named_rejection" time="0.001" /><testcase classname="tests.contract.test_acceptance_mapping" name="test_the_publication_path_is_the_publishers_convention" time="0.001" /><testcase classname="tests.contract.test_check_payload" name="test_the_check_name_is_the_context_a_ruleset_requires" time="0.000" /><testcase classname="tests.contract.test_check_payload" name="test_the_payload_names_the_head_and_closes_the_run" time="0.000" /><testcase classname="tests.contract.test_check_payload" name="test_the_output_carries_the_binding_not_just_the_verdict" time="0.000" /><testcase classname="tests.contract.test_check_payload" name="test_every_conclusion_is_one_of_the_documented_vocabulary" time="0.000" /><testcase classname="tests.unit.test_pr_head_binding" name="test_the_digest_formula_is_the_pinned_subject_formula" time="0.000" /><testcase classname="tests.unit.test_pr_head_binding" name="test_two_trees_with_equal_content_but_different_names_differ" time="0.000" /><testcase classname="tests.unit.test_pr_head_binding" name="test_the_binding_carries_head_tree_and_subject" time="0.000" /><testcase classname="tests.unit.test_pr_head_binding" name="test_a_malformed_sha_refuses_before_git_is_asked" time="0.000" /><testcase classname="tests.unit.test_pr_head_binding" name="test_every_malformed_shape_refuses_with_the_same_code[DEADBEEF00000000000000000000000000000000]" time="0.000" /><testcase classname="tests.unit.test_pr_head_binding" name="test_every_malformed_shape_refuses_with_the_same_code[gggggggggggggggggggggggggggggggggggggggg]" time="0.000" /><testcase classname="tests.unit.test_pr_head_binding" name="test_every_malformed_shape_refuses_with_the_same_code[00000000000000000000000000000000000000000]" time="0.000" /><testcase classname="tests.unit.test_pr_head_binding" name="test_every_malformed_shape_refuses_with_the_same_code[000000000000000000000000000000000000000]" time="0.000" /><testcase classname="tests.unit.test_pr_head_binding" name="test_every_malformed_shape_refuses_with_the_same_code[]" time="0.000" /><testcase classname="tests.integration.test_external_repository" name="test_separate_src_application_freeze_observe_sign_reject_and_recover" time="6.053" /><testcase classname="tests.integration.test_external_repository" name="test_external_target_does_not_relax_paths_keys_or_implicit_authority" time="1.633" /></testsuite></testsuites>