<?xml version="1.0" encoding="utf-8"?><testsuites name="pytest tests"><testsuite name="pytest" errors="0" failures="0" skipped="0" tests="45" time="12.120" timestamp="2026-09-06T21:37:05.596363+08:00" hostname="desk-tony"><testcase classname="tests.integration.test_github_bind_command" name="test_fetch_then_bind_names_the_exact_tree_and_subject" time="0.041" /><testcase classname="tests.integration.test_github_bind_command" name="test_bind_refuses_a_head_the_clone_never_fetched" time="0.024" /><testcase classname="tests.integration.test_github_bind_command" name="test_fetch_refuses_a_sha_the_source_does_not_hold" time="0.026" /><testcase classname="tests.integration.test_github_bind_command" name="test_revalidation_refuses_when_the_ground_moves" time="0.044" /><testcase classname="tests.integration.test_github_bind_command" name="test_the_cli_prints_the_binding" time="0.216" /><testcase classname="tests.integration.test_github_bind_command" name="test_the_cli_refuses_a_malformed_sha" time="0.173" /><testcase classname="tests.integration.test_github_bind_command" name="test_the_cli_refuses_an_unfetched_head" time="0.181" /><testcase classname="tests.integration.test_github_bind_command" name="test_the_binding_digest_is_byte_identical_to_the_judged_subject" time="0.098" /><testcase classname="tests.integration.test_github_client" name="test_minted_jwt_carries_the_documented_claims_window" time="0.078" /><testcase classname="tests.integration.test_github_client" name="test_installation_token_is_exchanged_once_and_cached" time="0.636" /><testcase classname="tests.integration.test_github_client" name="test_an_expired_token_re_exchanges_on_the_next_call" time="0.595" /><testcase classname="tests.integration.test_github_client" name="test_the_check_run_body_is_exactly_what_the_docs_promise" time="0.001" /><testcase classname="tests.integration.test_github_client" name="test_publish_check_sends_the_bearer_installation_token" time="0.573" /><testcase classname="tests.integration.test_github_client" name="test_the_cli_publishes_from_a_verified_verdict" time="0.750" /><testcase classname="tests.integration.test_github_webhook" name="test_the_signature_arithmetic_matches_the_documented_vector" time="0.000" /><testcase classname="tests.integration.test_github_webhook" name="test_an_unsigned_delivery_refuses_before_any_parsing" time="0.001" /><testcase classname="tests.integration.test_github_webhook" name="test_a_tampered_delivery_refuses" time="0.000" /><testcase classname="tests.integration.test_github_webhook" name="test_the_event_grammar_is_closed_at_parse_time" time="0.000" /><testcase classname="tests.integration.test_github_webhook" name="test_a_signed_delivery_publishes_the_check" time="0.635" /><testcase classname="tests.integration.test_github_webhook" name="test_a_replayed_delivery_id_is_a_no_op" time="0.636" /><testcase classname="tests.integration.test_github_webhook" name="test_a_foreign_repository_is_journaled_and_skipped" time="0.528" /><testcase classname="tests.integration.test_github_webhook" name="test_an_unhandled_action_is_journaled_and_skipped" time="0.531" /><testcase classname="tests.integration.test_github_webhook" name="test_the_http_endpoint_validates_before_it_processes" time="0.632" /><testcase classname="tests.integration.test_github_webhook" name="test_an_oversized_delivery_is_refused_without_parsing" time="0.533" /><testcase classname="tests.security.test_github_publisher_fail_closed" name="test_only_a_verified_pass_reaches_success" time="0.000" /><testcase classname="tests.security.test_github_publisher_fail_closed" name="test_a_verified_fail_is_failure_not_success" time="0.000" /><testcase classname="tests.security.test_github_publisher_fail_closed" name="test_every_rejected_reader_state_is_failure_naming_its_state" time="0.000" /><testcase classname="tests.security.test_github_publisher_fail_closed" name="test_absence_is_action_required_never_success" time="0.000" /><testcase classname="tests.security.test_github_publisher_fail_closed" name="test_success_is_unreachable_from_every_non_verified_state" time="0.000" /><testcase classname="tests.security.test_github_publisher_fail_closed" name="test_credentials_refuse_when_any_variable_is_unset" time="0.005" /><testcase classname="tests.security.test_github_publisher_fail_closed" name="test_a_key_inside_the_repository_is_refused" time="0.001" /><testcase classname="tests.security.test_github_publisher_fail_closed" name="test_the_cli_refuses_an_api_error_without_retrying" time="0.793" /><testcase classname="tests.security.test_github_publisher_fail_closed" name="test_no_secret_value_reaches_the_output" time="0.785" /><testcase classname="tests.security.test_github_publisher_fail_closed" name="test_a_malformed_key_file_refuses_cleanly" time="0.518" /><testcase classname="tests.security.test_github_receiver_refusals" name="test_an_unfetchable_head_answers_retry_and_publishes_nothing" time="0.517" /><testcase classname="tests.security.test_github_receiver_refusals" name="test_no_verdict_for_the_head_publishes_action_required_never_green" time="0.655" /><testcase classname="tests.security.test_github_receiver_refusals" name="test_a_signed_but_shapeless_event_is_a_named_permanent_refusal" time="0.538" /><testcase classname="tests.security.test_github_receiver_refusals" name="test_a_non_pull_request_event_is_acknowledged_and_skipped" time="0.581" /><testcase classname="tests.security.test_github_receiver_refusals" name="test_the_webhook_secret_never_reaches_the_journal" time="0.690" /><testcase classname="tests.contract.test_readme_github_section" name="test_the_readme_carries_the_acceptance_loop_section" time="0.000" /><testcase classname="tests.contract.test_readme_github_section" name="test_the_check_context_name_is_pinned" time="0.000" /><testcase classname="tests.contract.test_readme_github_section" name="test_the_ruleset_recipe_pins_the_app_as_the_check_source" time="0.000" /><testcase classname="tests.contract.test_readme_github_section" name="test_the_app_recipe_names_the_documented_permissions_and_events" time="0.000" /><testcase classname="tests.contract.test_readme_github_section" name="test_the_listener_recipe_is_the_shipped_command" time="0.000" /><testcase classname="tests.contract.test_readme_github_section" name="test_the_publisher_never_evaluates_is_stated" time="0.000" /></testsuite></testsuites>